number,value,datetime_start,datetime_complete,duration,params_class_weight,params_colsample_bytree,params_learning_rate,params_min_child_samples,params_n_estimators,params_num_leaves,params_reg_alpha,params_reg_lambda,params_subsample,user_attrs_best_iteration,user_attrs_valid_positive_rate,user_attrs_valid_rows,state
86,0.7494342685547181,2026-06-18 12:17:48.988238,2026-06-18 12:18:00.881615,0 days 00:00:11.893377,,0.626835081997465,0.014935202935992183,102,2237,56,4.830075693158706,5.445869511519159,0.6078314293318559,716,0.0784313725490196,8721,COMPLETE
87,0.7509028055186284,2026-06-18 12:18:00.886077,2026-06-18 12:18:07.332593,0 days 00:00:06.446516,,0.6523713577964223,0.016613452650128147,209,1896,16,4.236243214625627,1.0806752588236666,0.6261002426264596,1160,0.0784313725490196,8721,COMPLETE
88,0.7503881900013607,2026-06-18 12:18:07.336301,2026-06-18 12:18:11.446175,0 days 00:00:04.109874,,0.6423030689935393,0.029137035823757682,225,2742,20,3.5367409186768386,1.4970375067043107,0.7093444894933962,506,0.0784313725490196,8721,COMPLETE
89,0.7492223466467588,2026-06-18 12:18:11.452530,2026-06-18 12:18:19.084037,0 days 00:00:07.631507,,0.648904200878708,0.016244492751271288,52,2216,20,2.4151237825002063,28.964174792572976,0.7740092811759266,1137,0.0784313725490196,8721,COMPLETE
90,0.748047226024083,2026-06-18 12:18:19.087919,2026-06-18 12:18:37.438567,0 days 00:00:18.350648,,0.8427690234906304,0.007488912513200041,93,2492,77,4.386122803437619,3.073879694866585,0.6177306953387133,980,0.0784313725490196,8721,COMPLETE
91,0.7520424542339632,2026-06-18 12:18:37.442562,2026-06-18 12:18:47.287824,0 days 00:00:09.845262,,0.6297992689629383,0.011668975114885275,228,1853,27,4.20120243482842,1.1784969734840463,0.6140681919298736,1190,0.0784313725490196,8721,COMPLETE
92,0.7487610299441108,2026-06-18 12:18:47.293237,2026-06-18 12:18:53.410155,0 days 00:00:06.116918,,0.6309565412646815,0.02274793060352929,233,1863,27,3.2692646973934774,1.0985750328557302,0.6167105393976929,658,0.0784313725490196,8721,COMPLETE
93,0.7465785071529556,2026-06-18 12:18:53.414730,2026-06-18 12:19:00.622522,0 days 00:00:07.207792,balanced,0.7276133686995494,0.013123302978442422,40,2311,25,4.997726390979669,1.123511297021148,0.6280275458469126,924,0.0784313725490196,8721,COMPLETE
94,0.7462017773062743,2026-06-18 12:19:00.626471,2026-06-18 12:19:09.277397,0 days 00:00:08.650926,balanced,0.6368239204657058,0.013188893754051995,240,1960,40,4.0698407390708855,1.1114876223011605,0.646737349604116,697,0.0784313725490196,8721,COMPLETE
95,0.750498425774943,2026-06-18 12:19:09.281294,2026-06-18 12:19:13.884520,0 days 00:00:04.603226,,0.7059393311503307,0.029237113425989482,195,1874,27,4.948510911695192,1.1316774540925083,0.6999787960866238,513,0.0784313725490196,8721,COMPLETE
96,0.7496918491741776,2026-06-18 12:19:13.888271,2026-06-18 12:19:19.353667,0 days 00:00:05.465396,,0.6264144201282018,0.01281716657975577,220,1523,15,4.510906794417332,1.822876569527011,0.6353784195671398,944,0.0784313725490196,8721,COMPLETE
97,0.7487170083975648,2026-06-18 12:19:19.357520,2026-06-18 12:19:29.715465,0 days 00:00:10.357945,,0.7249196172948742,0.008095134160697693,249,2727,23,4.9023320173579465,1.4327044596830902,0.6382979761174412,1494,0.0784313725490196,8721,COMPLETE
98,0.7506748757755614,2026-06-18 12:19:29.719296,2026-06-18 12:19:46.366671,0 days 00:00:16.647375,,0.6132384332766347,0.007574189716186982,43,2125,33,3.023993382017765,7.878426099666213,0.6858969631829142,1713,0.0784313725490196,8721,COMPLETE
99,0.749598894586223,2026-06-18 12:19:46.370620,2026-06-18 12:19:59.165887,0 days 00:00:12.795267,,0.6592036113964362,0.0077186556060131264,80,2099,32,3.065254873027626,8.799738450316589,0.7280362118073941,1281,0.0784313725490196,8721,COMPLETE
