number,value,datetime_start,datetime_complete,duration,params_auto_class_weights,params_bagging_temperature,params_border_count,params_depth,params_grow_policy,params_iterations,params_l2_leaf_reg,params_learning_rate,params_min_data_in_leaf,params_random_strength,user_attrs_best_iteration,user_attrs_categorical_cols,user_attrs_feature_count,user_attrs_valid_positive_rate,user_attrs_valid_rows,state
146,0.7473554328773284,2026-06-17 18:20:24.879690,2026-06-17 18:20:39.243163,0 days 00:00:14.363473,SqrtBalanced,4.82468086101754,64,6,Depthwise,2172,32.95483735593411,0.025779729796351628,102.0,0.140890608565189,451.0,"['db_group_last', 'fl_adminarea']",38.0,0.0784313725490196,8721.0,COMPLETE
147,0.748673350665453,2026-06-17 18:20:39.247592,2026-06-17 18:20:58.763856,0 days 00:00:19.516264,SqrtBalanced,0.4271575950265132,128,7,Depthwise,1416,3.535272327836313,0.01866487624548563,103.0,0.8250359285928813,577.0,"['db_group_last', 'fl_adminarea']",38.0,0.0784313725490196,8721.0,COMPLETE
148,0.7408762616175045,2026-06-17 18:20:58.768271,2026-06-17 18:21:15.131974,0 days 00:00:16.363703,Balanced,0.5194509232833546,254,7,Depthwise,1000,3.6341650901619005,0.025611136374434074,84.0,0.5696400621709865,377.0,"['db_group_last', 'fl_adminarea']",38.0,0.0784313725490196,8721.0,COMPLETE
149,0.7493596865956939,2026-06-17 18:21:15.136484,2026-06-17 18:21:32.640239,0 days 00:00:17.503755,Balanced,0.31813919280192454,64,4,Depthwise,996,2.103382368892121,0.01387912480810744,66.0,0.49165025286012554,963.0,"['db_group_last', 'fl_adminarea']",38.0,0.0784313725490196,8721.0,COMPLETE
150,0.7485494718505858,2026-06-17 18:21:32.644865,2026-06-17 18:21:49.618742,0 days 00:00:16.973877,,1.798321095301271,64,5,Depthwise,922,37.031373786393814,0.023013996561130207,102.0,4.401943014045854,844.0,"['db_group_last', 'fl_adminarea']",38.0,0.0784313725490196,8721.0,COMPLETE
151,0.7487437487584832,2026-06-17 18:21:49.623181,2026-06-17 18:22:12.032927,0 days 00:00:22.409746,Balanced,0.3221656604043128,64,4,SymmetricTree,1305,1.6367323452049933,0.020692662061667533,,2.405755945634798,1288.0,"['db_group_last', 'fl_adminarea']",38.0,0.0784313725490196,8721.0,COMPLETE
152,0.7507159868066334,2026-06-17 18:22:12.037502,2026-06-17 18:22:29.259833,0 days 00:00:17.222331,Balanced,1.1856171199054795,64,6,Depthwise,720,31.709145907548947,0.024814826005981137,42.0,1.7877396132484287,582.0,"['db_group_last', 'fl_adminarea']",38.0,0.0784313725490196,8721.0,COMPLETE
153,0.7471020361238628,2026-06-17 18:22:29.264259,2026-06-17 18:22:46.767205,0 days 00:00:17.502946,Balanced,3.5123088099458677,64,4,Depthwise,992,13.682297638058554,0.012601245261788694,28.0,0.8368775625964776,991.0,"['db_group_last', 'fl_adminarea']",38.0,0.0784313725490196,8721.0,COMPLETE
154,0.7487470230883917,2026-06-17 18:22:46.771832,2026-06-17 18:23:04.188677,0 days 00:00:17.416845,Balanced,1.3599884340014226,64,6,Depthwise,783,24.449739249755343,0.020300685212425843,44.0,3.4101262205153233,765.0,"['db_group_last', 'fl_adminarea']",38.0,0.0784313725490196,8721.0,COMPLETE
155,0.7498244595354673,2026-06-17 18:23:04.193286,2026-06-17 18:23:20.667747,0 days 00:00:16.474461,Balanced,2.3084937236158596,128,5,Depthwise,1018,13.598846318512924,0.03081980644007313,47.0,2.2226183757106432,623.0,"['db_group_last', 'fl_adminarea']",38.0,0.0784313725490196,8721.0,COMPLETE
156,0.743092073429395,2026-06-17 18:23:20.672163,2026-06-17 18:23:43.635332,0 days 00:00:22.963169,,0.042006884540930794,254,4,Depthwise,1459,10.733124677085781,0.02197429775733142,55.0,0.37231593897362325,1134.0,"['db_group_last', 'fl_adminarea']",38.0,0.0784313725490196,8721.0,COMPLETE
157,0.7528248371748499,2026-06-17 18:23:43.640012,2026-06-17 18:24:01.101250,0 days 00:00:17.461238,SqrtBalanced,0.3284021575893016,64,6,Depthwise,913,59.02644996421859,0.02740295932835403,71.0,2.2919843624374923,560.0,"['db_group_last', 'fl_adminarea']",38.0,0.0784313725490196,8721.0,COMPLETE
158,0.7498930385563262,2026-06-17 18:24:01.105838,2026-06-17 18:24:35.310794,0 days 00:00:34.204956,Balanced,3.1922863103135715,64,5,SymmetricTree,1529,10.449241963509452,0.014840534915119647,,4.81960100129112,1475.0,"['db_group_last', 'fl_adminarea']",38.0,0.0784313725490196,8721.0,COMPLETE
159,0.7501797243305268,2026-06-17 18:24:35.315539,2026-06-17 18:24:51.787439,0 days 00:00:16.471900,SqrtBalanced,0.8277791735652178,64,5,Depthwise,806,31.145035205291467,0.033382959039784915,81.0,5.631657552066327,560.0,"['db_group_last', 'fl_adminarea']",38.0,0.0784313725490196,8721.0,COMPLETE
160,0.7464757295752757,2026-06-17 18:24:51.792599,2026-06-17 18:25:09.677765,0 days 00:00:17.885166,Balanced,1.0962058607437992,64,8,Depthwise,743,29.90709199078591,0.01916951413494674,115.0,0.46877775909040703,349.0,"['db_group_last', 'fl_adminarea']",38.0,0.0784313725490196,8721.0,COMPLETE
161,0.7490862800483437,2026-06-17 18:25:09.682113,2026-06-17 18:25:24.688594,0 days 00:00:15.006481,SqrtBalanced,2.0791387760463085,254,7,Depthwise,1073,31.384062419534054,0.04060336155790745,84.0,1.683949034920067,329.0,"['db_group_last', 'fl_adminarea']",38.0,0.0784313725490196,8721.0,COMPLETE
162,0.7486011335002514,2026-06-17 18:25:24.693160,2026-06-17 18:25:38.949594,0 days 00:00:14.256434,SqrtBalanced,1.8399711589134071,128,5,Depthwise,752,29.19893634627739,0.022815987462494636,72.0,0.2565838505561419,518.0,"['db_group_last', 'fl_adminarea']",38.0,0.0784313725490196,8721.0,COMPLETE
163,0.7483646541179793,2026-06-17 18:25:38.953892,2026-06-17 18:25:48.147795,0 days 00:00:09.193903,SqrtBalanced,0.21326101972961553,254,5,Depthwise,1452,6.17067298352665,0.04627311696313518,99.0,0.2634785080825629,256.0,"['db_group_last', 'fl_adminarea']",38.0,0.0784313725490196,8721.0,COMPLETE
164,0.7519072971716338,2026-06-17 18:25:48.152086,2026-06-17 18:25:58.601993,0 days 00:00:10.449907,SqrtBalanced,0.7406558814849078,128,7,Depthwise,1947,16.035682058357335,0.04629747906760066,46.0,0.6587669902949577,222.0,"['db_group_last', 'fl_adminarea']",38.0,0.0784313725490196,8721.0,COMPLETE
